<?xml version="1.0" encoding="UTF-8"?>
<!-- Generated by org.testng.reporters.JUnitReportReporter -->
<testsuite hostname="N10PD3DMQ13SKOT" failures="0" tests="2" name="Tests.LoginTests" time="10.413" errors="0" timestamp="2021-03-25T11:35:34 MDT" skipped="0">
  <testcase classname="Tests.LoginTests" name="testPrivacyErrorPageNavigatesToLogin" time="0.090"/>
  <system-out>
testPrivacyErrorPageNavigatesToLogin Test case EXECUTION STARTED Cert Privacy Error Page is displayed Login Page is displayed testPrivacyErrorPageNavigatesToLogin Test case PASSED  </system-out>
  <testcase classname="Tests.LoginTests" name="testSuccessfulLogin" time="10.323"/>
  <system-out>
testSuccessfulLogin Test case EXECUTION STARTED On the Login Page Username is entered Entered the password Logging in... User is successfully logged in to DMA testSuccessfulLogin Test case PASSED  </system-out>
</testsuite> <!-- Tests.LoginTests -->
