<?xml version="1.0" encoding="UTF-8"?>
<!-- Generated by org.testng.reporters.JUnitReportReporter -->
<testsuite hostname="N10PD3DMQ13SKOT" failures="0" tests="2" name="Tests.DashboardPageTests" time="1.211" errors="0" timestamp="2021-03-25T11:35:34 MDT" skipped="0">
  <testcase classname="Tests.DashboardPageTests" name="testNavBarFunctionality" time="0.526"/>
  <system-out>
testNavBarFunctionality Test case EXECUTION STARTED Dashboard Page is displayed User Menu is displayed on the navigation bar Navigating to the users page... Users Page is displayed User List grid is displayed on the Users Page testNavBarFunctionality Test case PASSED  </system-out>
  <testcase classname="Tests.DashboardPageTests" name="testLogoutFunctionality" time="0.685"/>
  <system-out>
testLogoutFunctionality Test case EXECUTION STARTED testLogoutFunctionality Test case PASSED  </system-out>
</testsuite> <!-- Tests.DashboardPageTests -->
